This is pdfTeX, Version 3.141592653-2.6-1.40.22 (TeX Live 2022/dev/Debian) (preloaded format=pdflatex 2023.7.31)  3 JAN 2024 12:46
entering extended mode
 restricted \write18 enabled.
 file:line:error style messages enabled.
 %&-line parsing enabled.
**/home/user1/nu/DMTC/project_report/report.tex
(/home/user1/nu/DMTC/project_report/report.tex
LaTeX2e <2021-11-15> patch level 1
L3 programming layer <2022-01-21> (/usr/share/texlive/texmf-dist/tex/latex/base/article.cls
Document Class: article 2021/10/04 v1.4n Standard LaTeX document class
(/usr/share/texlive/texmf-dist/tex/latex/base/size11.clo
File: size11.clo 2021/10/04 v1.4n Standard LaTeX file (size option)
)
\c@part=\count185
\c@section=\count186
\c@subsection=\count187
\c@subsubsection=\count188
\c@paragraph=\count189
\c@subparagraph=\count190
\c@figure=\count191
\c@table=\count192
\abovecaptionskip=\skip47
\belowcaptionskip=\skip48
\bibindent=\dimen138
) (./jmlr2e.sty
Document Style `jmlr' -- January 2016.
(/usr/share/texlive/texmf-dist/tex/latex/graphics/epsfig.sty
Package: epsfig 2017/06/25 v1.7b (e)psfig emulation (SPQR)
 (/usr/share/texlive/texmf-dist/tex/latex/graphics/graphicx.sty
Package: graphicx 2021/09/16 v1.2d Enhanced LaTeX Graphics (DPC,SPQR)
 (/usr/share/texlive/texmf-dist/tex/latex/graphics/keyval.sty
Package: keyval 2014/10/28 v1.15 key=value parser (DPC)
\KV@toks@=\toks16
) (/usr/share/texlive/texmf-dist/tex/latex/graphics/graphics.sty
Package: graphics 2021/03/04 v1.4d Standard LaTeX Graphics (DPC,SPQR)
 (/usr/share/texlive/texmf-dist/tex/latex/graphics/trig.sty
Package: trig 2021/08/11 v1.11 sin cos tan (DPC)
) (/usr/share/texlive/texmf-dist/tex/latex/graphics-cfg/graphics.cfg
File: graphics.cfg 2016/06/04 v1.11 sample graphics configuration
)
Package graphics Info: Driver file: pdftex.def on input line 107.
 (/usr/share/texlive/texmf-dist/tex/latex/graphics-def/pdftex.def
File: pdftex.def 2020/10/05 v1.2a Graphics/color driver for pdftex
))
\Gin@req@height=\dimen139
\Gin@req@width=\dimen140
)
\epsfxsize=\dimen141
\epsfysize=\dimen142
) (/usr/share/texlive/texmf-dist/tex/latex/amsfonts/amssymb.sty
Package: amssymb 2013/01/14 v3.01 AMS font symbols
 (/usr/share/texlive/texmf-dist/tex/latex/amsfonts/amsfonts.sty
Package: amsfonts 2013/01/14 v3.01 Basic AMSFonts support
\@emptytoks=\toks17
\symAMSa=\mathgroup4
\symAMSb=\mathgroup5
LaTeX Font Info:    Redeclaring math symbol \hbar on input line 98.
LaTeX Font Info:    Overwriting math alphabet `\mathfrak' in version `bold'
(Font)                  U/euf/m/n --> U/euf/b/n on input line 106.
)) (/usr/share/texlive/texmf-dist/tex/latex/natbib/natbib.sty
Package: natbib 2010/09/13 8.31b (PWD, AO)
\bibhang=\skip49
\bibsep=\skip50
LaTeX Info: Redefining \cite on input line 694.
\c@NAT@ctr=\count193
) (/usr/share/texlive/texmf-dist/tex/latex/enumitem/enumitem.sty
Package: enumitem 2019/06/20 v3.9 Customized lists
\labelindent=\skip51
\enit@outerparindent=\dimen143
\enit@toks=\toks18
\enit@inbox=\box50
\enit@count@id=\count194
\enitdp@description=\count195
) (/usr/share/texlive/texmf-dist/tex/latex/hyperref/hyperref.sty
Package: hyperref 2021-06-07 v7.00m Hypertext links for LaTeX
 (/usr/share/texlive/texmf-dist/tex/generic/ltxcmds/ltxcmds.sty
Package: ltxcmds 2020-05-10 v1.25 LaTeX kernel commands for general use (HO)
) (/usr/share/texlive/texmf-dist/tex/generic/iftex/iftex.sty
Package: iftex 2020/03/06 v1.0d TeX engine tests
) (/usr/share/texlive/texmf-dist/tex/generic/pdftexcmds/pdftexcmds.sty
Package: pdftexcmds 2020-06-27 v0.33 Utility functions of pdfTeX for LuaTeX (HO)
 (/usr/share/texlive/texmf-dist/tex/generic/infwarerr/infwarerr.sty
Package: infwarerr 2019/12/03 v1.5 Providing info/warning/error messages (HO)
)
Package pdftexcmds Info: \pdf@primitive is available.
Package pdftexcmds Info: \pdf@ifprimitive is available.
Package pdftexcmds Info: \pdfdraftmode found.
) (/usr/share/texlive/texmf-dist/tex/generic/kvsetkeys/kvsetkeys.sty
Package: kvsetkeys 2019/12/15 v1.18 Key value parser (HO)
) (/usr/share/texlive/texmf-dist/tex/generic/kvdefinekeys/kvdefinekeys.sty
Package: kvdefinekeys 2019-12-19 v1.6 Define keys (HO)
) (/usr/share/texlive/texmf-dist/tex/generic/pdfescape/pdfescape.sty
Package: pdfescape 2019/12/09 v1.15 Implements pdfTeX's escape features (HO)
) (/usr/share/texlive/texmf-dist/tex/latex/hycolor/hycolor.sty
Package: hycolor 2020-01-27 v1.10 Color options for hyperref/bookmark (HO)
) (/usr/share/texlive/texmf-dist/tex/latex/letltxmacro/letltxmacro.sty
Package: letltxmacro 2019/12/03 v1.6 Let assignment for LaTeX macros (HO)
) (/usr/share/texlive/texmf-dist/tex/latex/auxhook/auxhook.sty
Package: auxhook 2019-12-17 v1.6 Hooks for auxiliary files (HO)
) (/usr/share/texlive/texmf-dist/tex/latex/kvoptions/kvoptions.sty
Package: kvoptions 2020-10-07 v3.14 Key value format for package options (HO)
)
\@linkdim=\dimen144
\Hy@linkcounter=\count196
\Hy@pagecounter=\count197
 (/usr/share/texlive/texmf-dist/tex/latex/hyperref/pd1enc.def
File: pd1enc.def 2021-06-07 v7.00m Hyperref: PDFDocEncoding definition (HO)
Now handling font encoding PD1 ...
... no UTF-8 mapping file for font encoding PD1
) (/usr/share/texlive/texmf-dist/tex/latex/hyperref/hyperref-langpatches.def
File: hyperref-langpatches.def 2021-06-07 v7.00m Hyperref: patches for babel languages
) (/usr/share/texlive/texmf-dist/tex/generic/intcalc/intcalc.sty
Package: intcalc 2019/12/15 v1.3 Expandable calculations with integers (HO)
) (/usr/share/texlive/texmf-dist/tex/generic/etexcmds/etexcmds.sty
Package: etexcmds 2019/12/15 v1.7 Avoid name clashes with e-TeX commands (HO)
)
\Hy@SavedSpaceFactor=\count198
 (/usr/share/texlive/texmf-dist/tex/latex/hyperref/puenc.def
File: puenc.def 2021-06-07 v7.00m Hyperref: PDF Unicode definition (HO)
Now handling font encoding PU ...
... no UTF-8 mapping file for font encoding PU
)
Package hyperref Info: Option `colorlinks' set `false' on input line 4073.
Package hyperref Info: Hyper figures OFF on input line 4192.
Package hyperref Info: Link nesting OFF on input line 4197.
Package hyperref Info: Hyper index ON on input line 4200.
Package hyperref Info: Plain pages OFF on input line 4207.
Package hyperref Info: Backreferencing OFF on input line 4212.
Package hyperref Info: Implicit mode ON; LaTeX internals redefined.
Package hyperref Info: Bookmarks ON on input line 4445.
\c@Hy@tempcnt=\count199
 (/usr/share/texlive/texmf-dist/tex/latex/url/url.sty
\Urlmuskip=\muskip16
Package: url 2013/09/16  ver 3.4  Verb mode for urls, etc.
)
LaTeX Info: Redefining \url on input line 4804.
\XeTeXLinkMargin=\dimen145
 (/usr/share/texlive/texmf-dist/tex/generic/bitset/bitset.sty
Package: bitset 2019/12/09 v1.3 Handle bit-vector datatype (HO)
 (/usr/share/texlive/texmf-dist/tex/generic/bigintcalc/bigintcalc.sty
Package: bigintcalc 2019/12/15 v1.5 Expandable calculations on big integers (HO)
))
\Fld@menulength=\count266
\Field@Width=\dimen146
\Fld@charsize=\dimen147
Package hyperref Info: Hyper figures OFF on input line 6076.
Package hyperref Info: Link nesting OFF on input line 6081.
Package hyperref Info: Hyper index ON on input line 6084.
Package hyperref Info: backreferencing OFF on input line 6091.
Package hyperref Info: Link coloring OFF on input line 6096.
Package hyperref Info: Link coloring with OCG OFF on input line 6101.
Package hyperref Info: PDF/A mode OFF on input line 6106.
LaTeX Info: Redefining \ref on input line 6146.
LaTeX Info: Redefining \pageref on input line 6150.
 (/usr/share/texlive/texmf-dist/tex/latex/base/atbegshi-ltx.sty
Package: atbegshi-ltx 2021/01/10 v1.0c Emulation of the original atbegshi
package with kernel methods
)
\Hy@abspage=\count267
\c@Item=\count268
\c@Hfootnote=\count269
)
Package hyperref Info: Driver (autodetected): hpdftex.
 (/usr/share/texlive/texmf-dist/tex/latex/hyperref/hpdftex.def
File: hpdftex.def 2021-06-07 v7.00m Hyperref driver for pdfTeX
 (/usr/share/texlive/texmf-dist/tex/latex/base/atveryend-ltx.sty
Package: atveryend-ltx 2020/08/19 v1.0a Emulation of the original atveryend package
with kernel methods
)
\Fld@listcount=\count270
\c@bookmark@seq@number=\count271
 (/usr/share/texlive/texmf-dist/tex/latex/rerunfilecheck/rerunfilecheck.sty
Package: rerunfilecheck 2019/12/05 v1.9 Rerun checks for auxiliary files (HO)
 (/usr/share/texlive/texmf-dist/tex/generic/uniquecounter/uniquecounter.sty
Package: uniquecounter 2019/12/15 v1.4 Provide unlimited unique counter (HO)
)
Package uniquecounter Info: New unique counter `rerunfilecheck' on input line 286.
)
\Hy@SectionHShift=\skip52
)
\aftertitskip=\skip53
\beforetitskip=\skip54
\interauthorskip=\skip55
\aftermaketitskip=\skip56
\c@example=\count272
\c@theorem=\count273
) (/usr/share/texlive/texmf-dist/tex/latex/csvsimple/csvsimple.sty (/usr/share/texlive/texmf-dist/tex/latex/l3packages/l3keys2e/l3keys2e.sty (/usr/share/texlive/texmf-dist/tex/latex/l3kernel/expl3.sty
Package: expl3 2022-01-21 L3 programming layer (loader) 
 (/usr/share/texlive/texmf-dist/tex/latex/l3backend/l3backend-pdftex.def
File: l3backend-pdftex.def 2022-01-12 L3 backend support: PDF output (pdfTeX)
\l__color_backend_stack_int=\count274
\l__pdf_internal_box=\box51
))
Package: l3keys2e 2022-01-12 LaTeX2e option processing using LaTeX3 keys
)
Package: csvsimple 2022/02/01 v2.3.0 LaTeX CSV file processing
) (/usr/share/texlive/texmf-dist/tex/latex/csvsimple/csvsimple-legacy.sty
Package: csvsimple-legacy 2022/02/01 version 2.3.0 LaTeX2e CSV file processing
 (/usr/share/texlive/texmf-dist/tex/latex/pgf/utilities/pgfrcs.sty (/usr/share/texlive/texmf-dist/tex/generic/pgf/utilities/pgfutil-common.tex
\pgfutil@everybye=\toks19
\pgfutil@tempdima=\dimen148
\pgfutil@tempdimb=\dimen149
 (/usr/share/texlive/texmf-dist/tex/generic/pgf/utilities/pgfutil-common-lists.tex)) (/usr/share/texlive/texmf-dist/tex/generic/pgf/utilities/pgfutil-latex.def
\pgfutil@abb=\box52
) (/usr/share/texlive/texmf-dist/tex/generic/pgf/utilities/pgfrcs.code.tex (/usr/share/texlive/texmf-dist/tex/generic/pgf/pgf.revision.tex)
Package: pgfrcs 2021/05/15 v3.1.9a (3.1.9a)
)) (/usr/share/texlive/texmf-dist/tex/latex/pgf/utilities/pgfkeys.sty (/usr/share/texlive/texmf-dist/tex/generic/pgf/utilities/pgfkeys.code.tex
\pgfkeys@pathtoks=\toks20
\pgfkeys@temptoks=\toks21
 (/usr/share/texlive/texmf-dist/tex/generic/pgf/utilities/pgfkeysfiltered.code.tex
\pgfkeys@tmptoks=\toks22
))) (/usr/share/texlive/texmf-dist/tex/latex/base/ifthen.sty
Package: ifthen 2020/11/24 v1.1c Standard LaTeX ifthen package (DPC)
) (/usr/share/texlive/texmf-dist/tex/latex/etoolbox/etoolbox.sty
Package: etoolbox 2020/10/05 v2.5k e-TeX tools for LaTeX (JAW)
\etb@tempcnta=\count275
) (/usr/share/texlive/texmf-dist/tex/latex/tools/shellesc.sty
Package: shellesc 2019/11/08 v1.0c unified shell escape interface for LaTeX
Package shellesc Info: Restricted shell escape enabled on input line 77.
)
\csv@file=\read2
\c@csvinputline=\count276
\c@csvrow=\count277
\c@csvcol=\count278
\csv@out=\write3
) (/usr/share/texlive/texmf-dist/tex/latex/subfigure/subfigure.sty
Package: subfigure 2002/03/15 v2.1.5 subfigure package
\subfigtopskip=\skip57
\subfigcapskip=\skip58
\subfigcaptopadj=\dimen150
\subfigbottomskip=\skip59
\subfigcapmargin=\dimen151
\subfiglabelskip=\skip60
\c@subfigure=\count279
\c@lofdepth=\count280
\c@subtable=\count281
\c@lotdepth=\count282

****************************************
* Local config file subfigure.cfg used *
****************************************
(/usr/share/texlive/texmf-dist/tex/latex/subfigure/subfigure.cfg)
\subfig@top=\skip61
\subfig@bottom=\skip62
) (./report.aux)
\openout1 = `report.aux'.

LaTeX Font Info:    Checking defaults for OML/cmm/m/it on input line 30.
LaTeX Font Info:    ... okay on input line 30.
LaTeX Font Info:    Checking defaults for OMS/cmsy/m/n on input line 30.
LaTeX Font Info:    ... okay on input line 30.
LaTeX Font Info:    Checking defaults for OT1/cmr/m/n on input line 30.
LaTeX Font Info:    ... okay on input line 30.
LaTeX Font Info:    Checking defaults for T1/cmr/m/n on input line 30.
LaTeX Font Info:    ... okay on input line 30.
LaTeX Font Info:    Checking defaults for TS1/cmr/m/n on input line 30.
LaTeX Font Info:    ... okay on input line 30.
LaTeX Font Info:    Checking defaults for OMX/cmex/m/n on input line 30.
LaTeX Font Info:    ... okay on input line 30.
LaTeX Font Info:    Checking defaults for U/cmr/m/n on input line 30.
LaTeX Font Info:    ... okay on input line 30.
LaTeX Font Info:    Checking defaults for PD1/pdf/m/n on input line 30.
LaTeX Font Info:    ... okay on input line 30.
LaTeX Font Info:    Checking defaults for PU/pdf/m/n on input line 30.
LaTeX Font Info:    ... okay on input line 30.
 (/usr/share/texlive/texmf-dist/tex/context/base/mkii/supp-pdf.mkii
[Loading MPS to PDF converter (version 2006.09.02).]
\scratchcounter=\count283
\scratchdimen=\dimen152
\scratchbox=\box53
\nofMPsegments=\count284
\nofMParguments=\count285
\everyMPshowfont=\toks23
\MPscratchCnt=\count286
\MPscratchDim=\dimen153
\MPnumerator=\count287
\makeMPintoPDFobject=\count288
\everyMPtoPDFconversion=\toks24
) (/usr/share/texlive/texmf-dist/tex/latex/epstopdf-pkg/epstopdf-base.sty
Package: epstopdf-base 2020-01-24 v2.11 Base part for package epstopdf
Package epstopdf-base Info: Redefining graphics rule for `.eps' on input line 485.
 (/usr/share/texlive/texmf-dist/tex/latex/latexconfig/epstopdf-sys.cfg
File: epstopdf-sys.cfg 2010/07/13 v1.3 Configuration of (r)epstopdf for TeX Live
))
Package hyperref Info: Link coloring OFF on input line 30.
 (/usr/share/texlive/texmf-dist/tex/latex/hyperref/nameref.sty
Package: nameref 2021-04-02 v2.47 Cross-referencing by name of section
 (/usr/share/texlive/texmf-dist/tex/latex/refcount/refcount.sty
Package: refcount 2019/12/15 v3.6 Data extraction from label references (HO)
) (/usr/share/texlive/texmf-dist/tex/generic/gettitlestring/gettitlestring.sty
Package: gettitlestring 2019/12/15 v1.6 Cleanup title references (HO)
)
\c@section@level=\count289
)
LaTeX Info: Redefining \ref on input line 30.
LaTeX Info: Redefining \pageref on input line 30.
LaTeX Info: Redefining \nameref on input line 30.
 (./report.out) (./report.out)
\@outlinefile=\write4
\openout4 = `report.out'.


Underfull \hbox (badness 10000) in paragraph at lines 41--41

 []


Underfull \hbox (badness 10000) in paragraph at lines 45--48

 []

[1{/var/lib/texmf/fonts/map/pdftex/updmap/pdftex.map}

]
LaTeX Font Info:    Trying to load font information for U+msa on input line 69.
 (/usr/share/texlive/texmf-dist/tex/latex/amsfonts/umsa.fd
File: umsa.fd 2013/01/14 v3.01 AMS symbols A
)
LaTeX Font Info:    Trying to load font information for U+msb on input line 69.
 (/usr/share/texlive/texmf-dist/tex/latex/amsfonts/umsb.fd
File: umsb.fd 2013/01/14 v3.01 AMS symbols B
) [2]
Underfull \hbox (badness 7740) in paragraph at lines 84--84
[]\OT1/cmr/m/n/10.95 Consists of the max-i-mum re-im-burse-ment
 []


Overfull \hbox (3.21927pt too wide) in paragraph at lines 84--84
[]\OT1/cmr/m/n/10.95 OPAnnualReimbursementAmt| 
 []

[3]
<./img/sdist.png, id=59, 513.92pt x 162.6075pt>
File: ./img/sdist.png Graphic file (type png)
<use ./img/sdist.png>
Package pdftex.def Info: ./img/sdist.png  used on input line 100.
(pdftex.def)             Requested size: 433.62pt x 137.20221pt.
<./img/grdist.png, id=60, 513.92pt x 199.74625pt>
File: ./img/grdist.png Graphic file (type png)
<use ./img/grdist.png>
Package pdftex.def Info: ./img/grdist.png  used on input line 107.
(pdftex.def)             Requested size: 433.62pt x 168.53853pt.
<./img/binary.png, id=62, 1427.3325pt x 1798.8003pt>
File: ./img/binary.png Graphic file (type png)
<use ./img/binary.png>
Package pdftex.def Info: ./img/binary.png  used on input line 114.
(pdftex.def)             Requested size: 433.62pt x 546.45122pt.
<./img/state.png, id=63, 436.5108pt x 331.7193pt>
File: ./img/state.png Graphic file (type png)
<use ./img/state.png>
Package pdftex.def Info: ./img/state.png  used on input line 121.
(pdftex.def)             Requested size: 433.62pt x 329.52678pt.
<./img/categorical.png, id=64, 1431.6687pt x 2162.3184pt>
File: ./img/categorical.png Graphic file (type png)
<use ./img/categorical.png>
Package pdftex.def Info: ./img/categorical.png  used on input line 129.
(pdftex.def)             Requested size: 433.62pt x 654.90346pt.


LaTeX Warning: Float too large for page by 66.33763pt on input line 132.

[4 <./img/sdist.png> <./img/grdist.png>] [5 <./img/binary.png>] [6 <./img/state.png>] [7 <./img/categorical.png>]
<./img/boxplot.png, id=91, 1023.3432pt x 545.6385pt>
File: ./img/boxplot.png Graphic file (type png)
<use ./img/boxplot.png>
Package pdftex.def Info: ./img/boxplot.png  used on input line 140.
(pdftex.def)             Requested size: 433.62pt x 231.2064pt.
 [8 <./img/boxplot.png>]
<./img/pca.png, id=98, 361.35pt x 367.8543pt>
File: ./img/pca.png Graphic file (type png)
<use ./img/pca.png>
Package pdftex.def Info: ./img/pca.png  used on input line 149.
(pdftex.def)             Requested size: 341.43306pt x 347.57922pt.
 [9 <./img/pca.png>]
<./img/pca2.png, id=105, 677.8926pt x 627.3036pt>
File: ./img/pca2.png Graphic file (type png)
<use ./img/pca2.png>
Package pdftex.def Info: ./img/pca2.png  used on input line 160.
(pdftex.def)             Requested size: 433.62pt x 401.26234pt.
 [10 <./img/pca2.png>]
<./img/heatmap.png, id=112, 795.6927pt x 745.8264pt>
File: ./img/heatmap.png Graphic file (type png)
<use ./img/heatmap.png>
Package pdftex.def Info: ./img/heatmap.png  used on input line 171.
(pdftex.def)             Requested size: 433.62pt x 406.43889pt.
 [11 <./img/heatmap.png>]
<./img/fraud.png, id=119, 559.3698pt x 380.8629pt>
File: ./img/fraud.png Graphic file (type png)
<use ./img/fraud.png>
Package pdftex.def Info: ./img/fraud.png  used on input line 186.
(pdftex.def)             Requested size: 433.62pt x 295.25285pt.
 [12 <./img/fraud.png>] [13

] [14

]
<./img/AdaboostROC.png, id=140, 462.528pt x 346.896pt>
File: ./img/AdaboostROC.png Graphic file (type png)
<use ./img/AdaboostROC.png>
Package pdftex.def Info: ./img/AdaboostROC.png  used on input line 279.
(pdftex.def)             Requested size: 327.20668pt x 245.4192pt.
<./img/ExtraTreesROC.png, id=141, 462.528pt x 346.896pt>
File: ./img/ExtraTreesROC.png Graphic file (type png)
<use ./img/ExtraTreesROC.png>
Package pdftex.def Info: ./img/ExtraTreesROC.png  used on input line 284.
(pdftex.def)             Requested size: 327.20668pt x 245.4192pt.
<./img/GradientBoostingROC.png, id=142, 462.528pt x 346.896pt>
File: ./img/GradientBoostingROC.png Graphic file (type png)
<use ./img/GradientBoostingROC.png>
Package pdftex.def Info: ./img/GradientBoostingROC.png  used on input line 289.
(pdftex.def)             Requested size: 327.20668pt x 245.4192pt.
<./img/KNNROC.png, id=143, 462.528pt x 346.896pt>
File: ./img/KNNROC.png Graphic file (type png)
<use ./img/KNNROC.png>
Package pdftex.def Info: ./img/KNNROC.png  used on input line 294.
(pdftex.def)             Requested size: 327.20668pt x 245.4192pt.
 [15 <./img/AdaboostROC.png> <./img/ExtraTreesROC.png>] [16 <./img/GradientBoostingROC.png> <./img/KNNROC.png>]
<./img/RandomForestROC.png, id=160, 462.528pt x 346.896pt>
File: ./img/RandomForestROC.png Graphic file (type png)
<use ./img/RandomForestROC.png>
Package pdftex.def Info: ./img/RandomForestROC.png  used on input line 300.
(pdftex.def)             Requested size: 327.20668pt x 245.4192pt.
 [17

 <./img/RandomForestROC.png>]
<./img/streamlit.png, id=168, 707.64375pt x 689.57625pt>
File: ./img/streamlit.png Graphic file (type png)
<use ./img/streamlit.png>
Package pdftex.def Info: ./img/streamlit.png  used on input line 322.
(pdftex.def)             Requested size: 433.62pt x 422.55591pt.
<./img/streamlit2.png, id=169, 715.67375pt x 712.6625pt>
File: ./img/streamlit2.png Graphic file (type png)
<use ./img/streamlit2.png>
Package pdftex.def Info: ./img/streamlit2.png  used on input line 330.
(pdftex.def)             Requested size: 433.62pt x 431.7983pt.
<./img/streamlit3.png, id=170, 728.7225pt x 699.61375pt>
File: ./img/streamlit3.png Graphic file (type png)
<use ./img/streamlit3.png>
Package pdftex.def Info: ./img/streamlit3.png  used on input line 338.
(pdftex.def)             Requested size: 433.62pt x 416.29137pt.

Underfull \vbox (badness 10000) has occurred while \output is active []

 [18

 <./img/streamlit.png>] [19 <./img/streamlit2.png>] [20 <./img/streamlit3.png>] [21

]
Overfull \hbox (4.22838pt too wide) in paragraph at lines 356--357
[]\OT1/cmr/m/n/10.95 https://stackoverflow.com/questions/45003577/how-to-output-classification-report-of-
 []


Overfull \hbox (10.57954pt too wide) in paragraph at lines 360--361
[]\OT1/cmr/m/n/10.95 https://scikit-learn.org/stable/auto[]examples/model[]selection/plot[]det.html#sphx-glr-
 []


Overfull \hbox (60.16481pt too wide) in paragraph at lines 363--364
[]\OT1/cmr/m/n/10.95 https://scikit-learn.org/stable/modules/generated/sklearn.ensemble.RandomForestClassifier.html 
 []


Overfull \hbox (32.74724pt too wide) in paragraph at lines 364--365
[]\OT1/cmr/m/n/10.95 https://scikit-learn.org/stable/modules/generated/sklearn.metrics.classification[]report.html 
 []


Overfull \hbox (43.00978pt too wide) in paragraph at lines 365--366
[]\OT1/cmr/m/n/10.95 https://scikit-learn.org/stable/modules/generated/sklearn.ensemble.ExtraTreesClassifier.html 
 []


Overfull \hbox (37.77814pt too wide) in paragraph at lines 366--367
[]\OT1/cmr/m/n/10.95 https://scikit-learn.org/stable/modules/generated/sklearn.ensemble.AdaBoostClassifier.html 
 []


Overfull \hbox (49.5494pt too wide) in paragraph at lines 367--368
[]\OT1/cmr/m/n/10.95 https://scikit-learn.org/stable/modules/generated/sklearn.neighbors.KNeighborsClassifier.html 
 []

[22

] (./report.aux)
Package rerunfilecheck Info: File `report.out' has not changed.
(rerunfilecheck)             Checksum: 609350D8DE1DF91BDE4F0125454A73FC;929.
 ) 
Here is how much of TeX's memory you used:
 11643 strings out of 478287
 193829 string characters out of 5849289
 485794 words of memory out of 5000000
 29574 multiletter control sequences out of 15000+600000
 476721 words of font info for 55 fonts, out of 8000000 for 9000
 1141 hyphenation exceptions out of 8191
 85i,10n,90p,417b,329s stack positions out of 5000i,500n,10000p,200000b,80000s
{/usr/share/texmf/fonts/enc/dvips/cm-super/cm-super-ts1.enc}</usr/share/texlive/texmf-dist/fonts/type1/public/amsfonts/cm/cmbx10.pfb></usr/share/texlive/texmf-dist/fonts/type1/public/amsfonts/cm/cmbx12.pfb></usr/share/texlive/texmf-dist/fonts/type1/public/amsfonts/cm/cmcsc10.pfb></usr/share/texlive/texmf-dist/fonts/type1/public/amsfonts/cm/cmr10.pfb></usr/share/texlive/texmf-dist/fonts/type1/public/amsfonts/cm/cmr8.pfb></usr/share/texlive/texmf-dist/fonts/type1/public/amsfonts/cm/cmti10.pfb></usr/share/texmf/fonts/type1/public/cm-super/sfrm1095.pfb>
Output written on report.pdf (22 pages, 1664023 bytes).
PDF statistics:
 262 PDF objects out of 1000 (max. 8388607)
 187 compressed objects within 2 object streams
 70 named destinations out of 1000 (max. 500000)
 155 words of extra memory for PDF output out of 10000 (max. 10000000)

